<?xml version="1.0" encoding="UTF-8"?>
<!-- Generated by org.testng.reporters.JUnitXMLReporter -->
<testsuite ignored="0" hostname="DESKTOP-2TNGDQE" failures="0" tests="4" name="Default test" time="25.384" errors="0" timestamp="2022-08-16T17:45:01 IST">
  <testcase classname="com.HouseRental.OwnarModule.InApartmentRegistrationPageVerifyTheProperErrorMessage" name="InApartmentRegistrationPageVerifyTheProperErrorMessage" time="3.445"/>
  <testcase classname="com.HouseRental.OwnarModule.InApartmentRegistrationPageVerifyTheProperErrorMessage" name="VerifyIndividualRegisterPageDetails" time="0.409"/>
  <testcase classname="com.HouseRental.OwnarModule.InApartmentRegistrationPageVerifyTheProperErrorMessage" name="verifyApartmentRegistrationPageDetails" time="0.659"/>
  <testcase classname="com.HouseRental.OwnarModule.InApartmentRegistrationPageVerifyTheProperErrorMessage" name="VerifyTheOwnerCreatedRoomApartmentDetailsInTheRegisteredRooms" time="3.943"/>
</testsuite> <!-- Default test -->
