<?xml version="1.0" encoding="UTF-8"?>
<testng-results ignored="0" total="4" passed="4" failed="0" skipped="0">
  <reporter-output>
  </reporter-output>
  <suite started-at="2022-08-16T17:44:36 IST" name="Default suite" finished-at="2022-08-16T17:45:01 IST" duration-ms="25384">
    <groups>
    </groups>
    <test started-at="2022-08-16T17:44:36 IST" name="Default test" finished-at="2022-08-16T17:45:01 IST" duration-ms="25384">
      <class name="com.HouseRental.OwnarModule.InApartmentRegistrationPageVerifyTheProperErrorMessage">
        <test-method is-config="true" signature="connectToDataBase()[pri:0, instance:com.HouseRental.OwnarModule.InApartmentRegistrationPageVerifyTheProperErrorMessage@2fb3536e]" started-at="2022-08-16T17:44:35 IST" name="connectToDataBase" finished-at="2022-08-16T17:44:36 IST" duration-ms="440" status="PASS">
          <reporter-output>
          </reporter-output>
        </test-method> <!-- connectToDataBase -->
        <test-method is-config="true" signature="lunchBrowser()[pri:0, instance:com.HouseRental.OwnarModule.InApartmentRegistrationPageVerifyTheProperErrorMessage@2fb3536e]" started-at="2022-08-16T17:44:36 IST" name="lunchBrowser" finished-at="2022-08-16T17:44:46 IST" duration-ms="10254" status="PASS">
          <reporter-output>
          </reporter-output>
        </test-method> <!-- lunchBrowser -->
        <test-method is-config="true" signature="loginApplication()[pri:0, instance:com.HouseRental.OwnarModule.InApartmentRegistrationPageVerifyTheProperErrorMessage@2fb3536e]" started-at="2022-08-16T17:44:46 IST" name="loginApplication" finished-at="2022-08-16T17:44:48 IST" duration-ms="1697" status="PASS">
          <reporter-output>
          </reporter-output>
        </test-method> <!-- loginApplication -->
        <test-method signature="InApartmentRegistrationPageVerifyTheProperErrorMessage()[pri:0, instance:com.HouseRental.OwnarModule.InApartmentRegistrationPageVerifyTheProperErrorMessage@2fb3536e]" started-at="2022-08-16T17:44:48 IST" name="InApartmentRegistrationPageVerifyTheProperErrorMessage" finished-at="2022-08-16T17:44:51 IST" duration-ms="3445" status="PASS">
          <reporter-output>
          </reporter-output>
        </test-method> <!-- InApartmentRegistrationPageVerifyTheProperErrorMessage -->
        <test-method is-config="true" signature="logoutApplication()[pri:0, instance:com.HouseRental.OwnarModule.InApartmentRegistrationPageVerifyTheProperErrorMessage@2fb3536e]" started-at="2022-08-16T17:44:51 IST" name="logoutApplication" finished-at="2022-08-16T17:44:51 IST" duration-ms="218" status="PASS">
          <reporter-output>
          </reporter-output>
        </test-method> <!-- logoutApplication -->
        <test-method is-config="true" signature="loginApplication()[pri:0, instance:com.HouseRental.OwnarModule.InApartmentRegistrationPageVerifyTheProperErrorMessage@2fb3536e]" started-at="2022-08-16T17:44:51 IST" name="loginApplication" finished-at="2022-08-16T17:44:52 IST" duration-ms="724" status="PASS">
          <reporter-output>
          </reporter-output>
        </test-method> <!-- loginApplication -->
        <test-method signature="VerifyIndividualRegisterPageDetails()[pri:0, instance:com.HouseRental.OwnarModule.InApartmentRegistrationPageVerifyTheProperErrorMessage@2fb3536e]" started-at="2022-08-16T17:44:52 IST" name="VerifyIndividualRegisterPageDetails" finished-at="2022-08-16T17:44:52 IST" duration-ms="409" status="PASS">
          <reporter-output>
          </reporter-output>
        </test-method> <!-- VerifyIndividualRegisterPageDetails -->
        <test-method is-config="true" signature="logoutApplication()[pri:0, instance:com.HouseRental.OwnarModule.InApartmentRegistrationPageVerifyTheProperErrorMessage@2fb3536e]" started-at="2022-08-16T17:44:52 IST" name="logoutApplication" finished-at="2022-08-16T17:44:53 IST" duration-ms="194" status="PASS">
          <reporter-output>
          </reporter-output>
        </test-method> <!-- logoutApplication -->
        <test-method is-config="true" signature="loginApplication()[pri:0, instance:com.HouseRental.OwnarModule.InApartmentRegistrationPageVerifyTheProperErrorMessage@2fb3536e]" started-at="2022-08-16T17:44:53 IST" name="loginApplication" finished-at="2022-08-16T17:44:53 IST" duration-ms="683" status="PASS">
          <reporter-output>
          </reporter-output>
        </test-method> <!-- loginApplication -->
        <test-method signature="verifyApartmentRegistrationPageDetails()[pri:0, instance:com.HouseRental.OwnarModule.InApartmentRegistrationPageVerifyTheProperErrorMessage@2fb3536e]" started-at="2022-08-16T17:44:53 IST" name="verifyApartmentRegistrationPageDetails" finished-at="2022-08-16T17:44:54 IST" duration-ms="659" status="PASS">
          <reporter-output>
          </reporter-output>
        </test-method> <!-- verifyApartmentRegistrationPageDetails -->
        <test-method is-config="true" signature="logoutApplication()[pri:0, instance:com.HouseRental.OwnarModule.InApartmentRegistrationPageVerifyTheProperErrorMessage@2fb3536e]" started-at="2022-08-16T17:44:54 IST" name="logoutApplication" finished-at="2022-08-16T17:44:54 IST" duration-ms="223" status="PASS">
          <reporter-output>
          </reporter-output>
        </test-method> <!-- logoutApplication -->
        <test-method is-config="true" signature="loginApplication()[pri:0, instance:com.HouseRental.OwnarModule.InApartmentRegistrationPageVerifyTheProperErrorMessage@2fb3536e]" started-at="2022-08-16T17:44:54 IST" name="loginApplication" finished-at="2022-08-16T17:44:55 IST" duration-ms="656" status="PASS">
          <reporter-output>
          </reporter-output>
        </test-method> <!-- loginApplication -->
        <test-method signature="VerifyTheOwnerCreatedRoomApartmentDetailsInTheRegisteredRooms()[pri:3, instance:com.HouseRental.OwnarModule.InApartmentRegistrationPageVerifyTheProperErrorMessage@2fb3536e]" started-at="2022-08-16T17:44:55 IST" name="VerifyTheOwnerCreatedRoomApartmentDetailsInTheRegisteredRooms" finished-at="2022-08-16T17:44:59 IST" duration-ms="3943" status="PASS">
          <reporter-output>
          </reporter-output>
        </test-method> <!-- VerifyTheOwnerCreatedRoomApartmentDetailsInTheRegisteredRooms -->
        <test-method is-config="true" signature="logoutApplication()[pri:0, instance:com.HouseRental.OwnarModule.InApartmentRegistrationPageVerifyTheProperErrorMessage@2fb3536e]" started-at="2022-08-16T17:44:59 IST" name="logoutApplication" finished-at="2022-08-16T17:44:59 IST" duration-ms="186" status="PASS">
          <reporter-output>
          </reporter-output>
        </test-method> <!-- logoutApplication -->
        <test-method is-config="true" signature="closeBrowser()[pri:0, instance:com.HouseRental.OwnarModule.InApartmentRegistrationPageVerifyTheProperErrorMessage@2fb3536e]" started-at="2022-08-16T17:44:59 IST" name="closeBrowser" finished-at="2022-08-16T17:45:01 IST" duration-ms="2020" status="PASS">
          <reporter-output>
          </reporter-output>
        </test-method> <!-- closeBrowser -->
        <test-method is-config="true" signature="DbConnectionClose()[pri:0, instance:com.HouseRental.OwnarModule.InApartmentRegistrationPageVerifyTheProperErrorMessage@2fb3536e]" started-at="2022-08-16T17:45:01 IST" name="DbConnectionClose" finished-at="2022-08-16T17:45:01 IST" duration-ms="1" status="PASS">
          <reporter-output>
          </reporter-output>
        </test-method> <!-- DbConnectionClose -->
      </class> <!-- com.HouseRental.OwnarModule.InApartmentRegistrationPageVerifyTheProperErrorMessage -->
    </test> <!-- Default test -->
  </suite> <!-- Default suite -->
</testng-results>
